#! /c/Source/iverilog-install/bin/vvp
:ivl_version "12.0 (devel)" "(s20150603-1539-g2693dd32b)";
:ivl_delay_selection "TYPICAL";
:vpi_time_precision - 9;
:vpi_module "D:\FPGA\iverilog\iverilog\lib\ivl\system.vpi";
:vpi_module "D:\FPGA\iverilog\iverilog\lib\ivl\vhdl_sys.vpi";
:vpi_module "D:\FPGA\iverilog\iverilog\lib\ivl\vhdl_textio.vpi";
:vpi_module "D:\FPGA\iverilog\iverilog\lib\ivl\v2005_math.vpi";
:vpi_module "D:\FPGA\iverilog\iverilog\lib\ivl\va_math.vpi";
S_000002482118ed90 .scope module, "mux4_1" "mux4_1" 2 3;
 .timescale -9 -9;
    .port_info 0 /INPUT 2 "d0";
    .port_info 1 /INPUT 2 "d1";
    .port_info 2 /INPUT 2 "d2";
    .port_info 3 /INPUT 2 "d3";
    .port_info 4 /INPUT 2 "sel";
    .port_info 5 /OUTPUT 2 "mux_out";
L_000002482118b8c0 .functor BUFZ 2, v000002482118b780_0, C4<00>, C4<00>, C4<00>;
o00000248211d6fd8 .functor BUFZ 2, C4<zz>; HiZ drive
v00000248211a34b0_0 .net "d0", 1 0, o00000248211d6fd8;  0 drivers
o00000248211d7008 .functor BUFZ 2, C4<zz>; HiZ drive
v00000248211a3100_0 .net "d1", 1 0, o00000248211d7008;  0 drivers
o00000248211d7038 .functor BUFZ 2, C4<zz>; HiZ drive
v000002482118ef20_0 .net "d2", 1 0, o00000248211d7038;  0 drivers
o00000248211d7068 .functor BUFZ 2, C4<zz>; HiZ drive
v000002482118b640_0 .net "d3", 1 0, o00000248211d7068;  0 drivers
v000002482118b6e0_0 .net "mux_out", 1 0, L_000002482118b8c0;  1 drivers
v000002482118b780_0 .var "mux_out_reg", 1 0;
o00000248211d70f8 .functor BUFZ 2, C4<zz>; HiZ drive
v000002482118b820_0 .net "sel", 1 0, o00000248211d70f8;  0 drivers
E_000002482118c100/0 .event anyedge, v000002482118b820_0, v00000248211a34b0_0, v00000248211a3100_0, v000002482118ef20_0;
E_000002482118c100/1 .event anyedge, v000002482118b640_0;
E_000002482118c100 .event/or E_000002482118c100/0, E_000002482118c100/1;
    .scope S_000002482118ed90;
T_0 ;
    %wait E_000002482118c100;
    %load/vec4 v000002482118b820_0;
    %dup/vec4;
    %pushi/vec4 0, 0, 2;
    %cmp/u;
    %jmp/1 T_0.0, 6;
    %dup/vec4;
    %pushi/vec4 1, 0, 2;
    %cmp/u;
    %jmp/1 T_0.1, 6;
    %dup/vec4;
    %pushi/vec4 2, 0, 2;
    %cmp/u;
    %jmp/1 T_0.2, 6;
    %dup/vec4;
    %pushi/vec4 3, 0, 2;
    %cmp/u;
    %jmp/1 T_0.3, 6;
    %load/vec4 v00000248211a34b0_0;
    %store/vec4 v000002482118b780_0, 0, 2;
    %jmp T_0.5;
T_0.0 ;
    %load/vec4 v00000248211a34b0_0;
    %store/vec4 v000002482118b780_0, 0, 2;
    %jmp T_0.5;
T_0.1 ;
    %load/vec4 v00000248211a3100_0;
    %store/vec4 v000002482118b780_0, 0, 2;
    %jmp T_0.5;
T_0.2 ;
    %load/vec4 v000002482118ef20_0;
    %store/vec4 v000002482118b780_0, 0, 2;
    %jmp T_0.5;
T_0.3 ;
    %load/vec4 v000002482118b640_0;
    %store/vec4 v000002482118b780_0, 0, 2;
    %jmp T_0.5;
T_0.5 ;
    %pop/vec4 1;
    %jmp T_0;
    .thread T_0, $push;
# The file index is used to find the file name in the following table.
:file_names 3;
    "N/A";
    "<interactive>";
    "mux4_1.v";
