#! /usr/local/iverilog/bin/vvp
:ivl_version "11.0 (devel)" "(s20150603-642-g3bdb50da)";
:ivl_delay_selection "TYPICAL";
:vpi_time_precision - 9;
:vpi_module "system";
:vpi_module "vhdl_sys";
:vpi_module "vhdl_textio";
:vpi_module "v2005_math";
:vpi_module "va_math";
S_00000000008c6c20 .scope module, "odd_sel" "odd_sel" 2 2;
 .timescale -9 -9;
    .port_info 0 /INPUT 32 "bus";
    .port_info 1 /INPUT 1 "sel";
    .port_info 2 /OUTPUT 1 "check";
L_00000000008cdbf0 .functor BUFZ 1, v00000000008c6ef0_0, C4<0>, C4<0>, C4<0>;
o0000000001086fb8 .functor BUFZ 32, C4<zzzzzzzzzzzzzzzzzzzzzzzzzzzzzzzz>; HiZ drive
v00000000008c6db0_0 .net "bus", 31 0, o0000000001086fb8;  0 drivers
v00000000008c6e50_0 .net "check", 0 0, L_00000000008cdbf0;  1 drivers
v00000000008c6ef0_0 .var "odd", 0 0;
o0000000001087048 .functor BUFZ 1, C4<z>; HiZ drive
v00000000008c6f90_0 .net "sel", 0 0, o0000000001087048;  0 drivers
E_0000000001084bc0 .event edge, v00000000008c6f90_0, v00000000008c6db0_0;
    .scope S_00000000008c6c20;
T_0 ;
    %pushi/vec4 0, 0, 1;
    %store/vec4 v00000000008c6ef0_0, 0, 1;
    %end;
    .thread T_0;
    .scope S_00000000008c6c20;
T_1 ;
    %wait E_0000000001084bc0;
    %load/vec4 v00000000008c6f90_0;
    %flag_set/vec4 8;
    %jmp/0xz  T_1.0, 8;
    %load/vec4 v00000000008c6db0_0;
    %xor/r;
    %store/vec4 v00000000008c6ef0_0, 0, 1;
    %jmp T_1.1;
T_1.0 ;
    %load/vec4 v00000000008c6db0_0;
    %xnor/r;
    %store/vec4 v00000000008c6ef0_0, 0, 1;
T_1.1 ;
    %jmp T_1;
    .thread T_1, $push;
# The file index is used to find the file name in the following table.
:file_names 3;
    "N/A";
    "<interactive>";
    "odd_sel.v";
